2025-05-11 12:14:54,861 [INFO] Activator:176 - 


2025-05-11 12:14:54,862 [INFO] Activator:177 - !SESSION log4j initialized
2025-05-11 12:14:56,540 [INFO] LogOutputStream:77 - [STDOUT_REDIRECT] 
2025-05-11 12:14:57,612 [INFO] ApplicationProperties:184 - Using Application install path: C:\ST\STM32CubeIDE_1.17.0\STM32CubeIDE\plugins\com.st.stm32cube.common.mx_6.13.0.202411220809
2025-05-11 12:14:57,622 [INFO] DbMcusXml:78 - Set database path to: C:\ST\STM32CubeIDE_1.17.0\STM32CubeIDE\plugins\com.st.stm32cube.common.mx_6.13.0.202411220809\\db\/mcu/
2025-05-11 12:14:57,622 [INFO] ApiDb:274 - Set plugin database path to: C:\ST\STM32CubeIDE_1.17.0\STM32CubeIDE\plugins\com.st.stm32cube.common.mx_6.13.0.202411220809\\db\/plugins/boardmanager/
2025-05-11 12:14:57,622 [WARN] ApiDb:259 - Overriding images path with different value:  => C:\ST\STM32CubeIDE_1.17.0\STM32CubeIDE\plugins\com.st.stm32cube.common.mx_6.13.0.202411220809\\db\/plugins/mcufinder/images/
2025-05-11 12:14:57,625 [INFO] ApiDb:250 - Set database path to: C:\Users\Mohamad\.stmcufinder\plugins\mcufinder//mcu/
2025-05-11 12:14:57,626 [INFO] DbMcusAds:125 - Set database path to: C:\Users\Mohamad\.stmcufinder\plugins\mcufinder//mcu/
2025-05-11 12:14:57,627 [INFO] CrossReferenceDbSqlite:203 - Set database path to: C:\Users\Mohamad\.stmcufinder\plugins\mcufinder//mcu/cs/
2025-05-11 12:14:57,688 [INFO] RulesReader:64 - Compatibility file has been processed (297 Rules)
2025-05-11 12:14:57,734 [INFO] DbMcusXml:78 - Set database path to: C:\ST\STM32CubeIDE_1.17.0\STM32CubeIDE\plugins\com.st.stm32cube.common.mx_6.13.0.202411220809\\db\/mcu/
2025-05-11 12:14:57,734 [INFO] ApiDb:274 - Set plugin database path to: C:\ST\STM32CubeIDE_1.17.0\STM32CubeIDE\plugins\com.st.stm32cube.common.mx_6.13.0.202411220809\\db\/plugins/boardmanager/
2025-05-11 12:14:57,734 [INFO] ApiDb:261 - Set plugin images path to: C:\ST\STM32CubeIDE_1.17.0\STM32CubeIDE\plugins\com.st.stm32cube.common.mx_6.13.0.202411220809\\db\/plugins/mcufinder/images/
2025-05-11 12:14:57,734 [WARN] DbFile:41 - Overriding database path with different value: C:\Users\Mohamad\.stmcufinder\plugins\mcufinder/ => C:\Users\Mohamad\.stmcufinder\plugins\mcufinder
2025-05-11 12:14:57,734 [INFO] ApiDb:250 - Set database path to: C:\Users\Mohamad\.stmcufinder\plugins\mcufinder//mcu/
2025-05-11 12:14:57,734 [WARN] DbFile:41 - Overriding database path with different value: C:\Users\Mohamad\.stmcufinder\plugins\mcufinder/ => C:\Users\Mohamad\.stmcufinder\plugins\mcufinder
2025-05-11 12:14:57,734 [INFO] DbMcusAds:125 - Set database path to: C:\Users\Mohamad\.stmcufinder\plugins\mcufinder//mcu/
2025-05-11 12:14:57,735 [WARN] DbFile:41 - Overriding database path with different value: C:\Users\Mohamad\.stmcufinder\plugins\mcufinder/ => C:\Users\Mohamad\.stmcufinder\plugins\mcufinder
2025-05-11 12:14:57,735 [WARN] DbFile:41 - Overriding database path with different value: C:\Users\Mohamad\.stmcufinder\plugins\mcufinder/ => C:\Users\Mohamad\.stmcufinder\plugins\mcufinder
2025-05-11 12:14:57,735 [INFO] CrossReferenceDbSqlite:203 - Set database path to: C:\Users\Mohamad\.stmcufinder\plugins\mcufinder//mcu/cs/
2025-05-11 12:14:57,779 [INFO] MainPanel:272 - HeapMemory: 268435456
2025-05-11 12:14:57,830 [INFO] DbMcusXml:78 - Set database path to: C:\ST\STM32CubeIDE_1.17.0\STM32CubeIDE\plugins\com.st.stm32cube.common.mx_6.13.0.202411220809\\db\/mcu/
2025-05-11 12:14:57,830 [INFO] ApiDb:274 - Set plugin database path to: C:\ST\STM32CubeIDE_1.17.0\STM32CubeIDE\plugins\com.st.stm32cube.common.mx_6.13.0.202411220809\\db\/plugins/boardmanager/
2025-05-11 12:14:57,830 [INFO] ApiDb:261 - Set plugin images path to: C:\ST\STM32CubeIDE_1.17.0\STM32CubeIDE\plugins\com.st.stm32cube.common.mx_6.13.0.202411220809\\db\/plugins/mcufinder/images/
2025-05-11 12:14:57,830 [WARN] DbFile:41 - Overriding database path with different value: C:\Users\Mohamad\.stmcufinder\plugins\mcufinder/ => C:\Users\Mohamad\.stmcufinder\plugins\mcufinder
2025-05-11 12:14:57,830 [INFO] ApiDb:250 - Set database path to: C:\Users\Mohamad\.stmcufinder\plugins\mcufinder//mcu/
2025-05-11 12:14:57,830 [WARN] DbFile:41 - Overriding database path with different value: C:\Users\Mohamad\.stmcufinder\plugins\mcufinder/ => C:\Users\Mohamad\.stmcufinder\plugins\mcufinder
2025-05-11 12:14:57,831 [INFO] DbMcusAds:125 - Set database path to: C:\Users\Mohamad\.stmcufinder\plugins\mcufinder//mcu/
2025-05-11 12:14:57,831 [WARN] DbFile:41 - Overriding database path with different value: C:\Users\Mohamad\.stmcufinder\plugins\mcufinder/ => C:\Users\Mohamad\.stmcufinder\plugins\mcufinder
2025-05-11 12:14:57,831 [WARN] DbFile:41 - Overriding database path with different value: C:\Users\Mohamad\.stmcufinder\plugins\mcufinder/ => C:\Users\Mohamad\.stmcufinder\plugins\mcufinder
2025-05-11 12:14:57,831 [INFO] CrossReferenceDbSqlite:203 - Set database path to: C:\Users\Mohamad\.stmcufinder\plugins\mcufinder//mcu/cs/
2025-05-11 12:14:57,841 [INFO] ApplicationProperties:184 - Using Application install path: C:\ST\STM32CubeIDE_1.17.0\STM32CubeIDE\plugins\com.st.stm32cube.common.mx_6.13.0.202411220809
2025-05-11 12:14:57,842 [INFO] PluginManage:196 - Search for loadable plugins [exclusion list=, ]
2025-05-11 12:14:57,843 [INFO] PluginManage:310 - Check plugin analytics
2025-05-11 12:14:57,935 [INFO] AnalyticsPlugin:253 - Accepted Software Licenses: STM32CubeMX.6.13.0
2025-05-11 12:14:57,935 [INFO] AnalyticsPlugin:255 - Accepted CMSIS Pack Licenses: 
2025-05-11 12:14:57,935 [INFO] AnalyticsPlugin:257 - Accepted Firmware Licenses: FW.F4.1.28.0,FW.H7.1.12.0,FW.F4.1.27.0
2025-05-11 12:14:57,937 [INFO] PluginManage:359 - Loaded plugin analytics (category:tool,tabindex:-1)
2025-05-11 12:14:57,937 [INFO] PluginManage:310 - Check plugin cadmodel
2025-05-11 12:14:57,940 [INFO] CADModel:105 - Init CAD model plugin
2025-05-11 12:14:57,940 [INFO] PluginManage:359 - Loaded plugin cadmodel (category:power,tabindex:5)
2025-05-11 12:14:57,940 [INFO] PluginManage:310 - Check plugin clock
2025-05-11 12:14:57,945 [INFO] PluginManage:359 - Loaded plugin clock (category:base,tabindex:2)
2025-05-11 12:14:57,945 [INFO] PluginManage:310 - Check plugin ddr
2025-05-11 12:14:57,946 [INFO] PluginManage:359 - Loaded plugin ddr (category:tool,tabindex:6)
2025-05-11 12:14:57,946 [INFO] PluginManage:310 - Check plugin filemanager
2025-05-11 12:14:58,068 [INFO] PluginManage:359 - Loaded plugin filemanager (category:base,tabindex:10)
2025-05-11 12:14:58,068 [INFO] PluginManage:310 - Check plugin ipmanager
2025-05-11 12:14:58,073 [INFO] PluginManage:359 - Loaded plugin ipmanager (category:base,tabindex:5)
2025-05-11 12:14:58,074 [INFO] PluginManage:310 - Check plugin lpbam
2025-05-11 12:14:58,079 [INFO] PluginManage:359 - Loaded plugin lpbam (category:base,tabindex:0)
2025-05-11 12:14:58,079 [INFO] PluginManage:310 - Check plugin memorymap
2025-05-11 12:14:58,086 [INFO] PluginManage:359 - Loaded plugin memorymap (category:base,tabindex:4)
2025-05-11 12:14:58,086 [INFO] PluginManage:310 - Check plugin pinoutandconfiguration
2025-05-11 12:14:58,091 [INFO] PluginManage:359 - Loaded plugin pinoutandconfiguration (category:base,tabindex:1)
2025-05-11 12:14:58,091 [INFO] PluginManage:310 - Check plugin pinoutconfig
2025-05-11 12:14:58,141 [WARN] SupportedApi:132 - Cannot load RTOS API schema: s4s-elt-must-match.1: The content of 'definitions' must match (annotation?, (simpleType | complexType)?, (unique | key | keyref)*)). A problem was found starting at: attribute.
2025-05-11 12:14:58,209 [INFO] PluginManage:359 - Loaded plugin pinoutconfig (category:base,tabindex:0)
2025-05-11 12:14:58,209 [INFO] PluginManage:310 - Check plugin power
2025-05-11 12:14:58,214 [INFO] PluginManage:359 - Loaded plugin power (category:power,tabindex:4)
2025-05-11 12:14:58,214 [INFO] PluginManage:310 - Check plugin projectmanager
2025-05-11 12:14:58,224 [INFO] PluginManage:359 - Loaded plugin projectmanager (category:projectmanager,tabindex:4)
2025-05-11 12:14:58,224 [INFO] PluginManage:310 - Check plugin rif
2025-05-11 12:14:58,228 [INFO] PluginManage:359 - Loaded plugin rif (category:base,tabindex:3)
2025-05-11 12:14:58,228 [INFO] PluginManage:310 - Check plugin thirdparty
2025-05-11 12:14:58,300 [INFO] PluginManage:359 - Loaded plugin thirdparty (category:base,tabindex:-1)
2025-05-11 12:14:58,300 [WARN] IntegrityCheckThread:84 - waiting for thirdparty lock release [integrity check]
2025-05-11 12:14:58,300 [INFO] IntegrityCheckThread:86 - entering critical section [integrity check]
2025-05-11 12:14:58,300 [INFO] PluginManage:310 - Check plugin tools
2025-05-11 12:14:58,300 [INFO] ThirdPartyUpdaterWithRetryManager:70 - Updater plugin not ready yet. [1/15]
2025-05-11 12:14:58,302 [INFO] PluginManage:359 - Loaded plugin tools (category:base,tabindex:7)
2025-05-11 12:14:58,302 [INFO] PluginManage:310 - Check plugin tutovideos
2025-05-11 12:14:58,391 [INFO] PluginManage:359 - Loaded plugin tutovideos (category:base,tabindex:-1)
2025-05-11 12:14:58,392 [INFO] PluginManage:310 - Check plugin updater
2025-05-11 12:14:58,404 [INFO] PluginManage:359 - Loaded plugin updater (category:base,tabindex:12)
2025-05-11 12:14:58,404 [INFO] PluginManage:310 - Check plugin userauth
2025-05-11 12:14:58,406 [INFO] UserAuth:118 - Init User Auth plugin
2025-05-11 12:14:58,406 [INFO] PluginManage:359 - Loaded plugin userauth (category:base,tabindex:14)
2025-05-11 12:14:58,407 [INFO] PluginManage:283 - PluginManage : Loaded plugins [18]
2025-05-11 12:14:59,022 [INFO] PinOutPanel:1589 - setPackage(No Configuration,No Configuration)
2025-05-11 12:14:59,072 [INFO] CADModel:165 - CPN selected for project level
2025-05-11 12:14:59,073 [INFO] CADModel:114 - Register for checkConnection events
2025-05-11 12:14:59,082 [INFO] IPUIPlugin:80 - create IPUIPlugin
2025-05-11 12:14:59,083 [INFO] PluginManager:220 - loadIPPluginJar : add adc
2025-05-11 12:14:59,084 [INFO] IPUIPlugin:80 - create IPUIPlugin
2025-05-11 12:14:59,084 [INFO] PluginManager:220 - loadIPPluginJar : add aes
2025-05-11 12:14:59,086 [INFO] IPUIPlugin:80 - create IPUIPlugin
2025-05-11 12:14:59,086 [INFO] PluginManager:220 - loadIPPluginJar : add can
2025-05-11 12:14:59,087 [INFO] IPUIPlugin:80 - create IPUIPlugin
2025-05-11 12:14:59,087 [INFO] PluginManager:220 - loadIPPluginJar : add comp
2025-05-11 12:14:59,088 [INFO] IPUIPlugin:80 - create IPUIPlugin
2025-05-11 12:14:59,088 [INFO] PluginManager:220 - loadIPPluginJar : add cryp
2025-05-11 12:14:59,089 [INFO] IPUIPlugin:80 - create IPUIPlugin
2025-05-11 12:14:59,089 [INFO] PluginManager:220 - loadIPPluginJar : add ddr_ctrl_phy
2025-05-11 12:14:59,090 [INFO] IPUIPlugin:80 - create IPUIPlugin
2025-05-11 12:14:59,091 [INFO] PluginManager:220 - loadIPPluginJar : add dfsdm
2025-05-11 12:14:59,094 [INFO] IPUIPlugin:80 - create IPUIPlugin
2025-05-11 12:14:59,094 [INFO] PluginManager:220 - loadIPPluginJar : add dma
2025-05-11 12:14:59,095 [INFO] IPUIPlugin:80 - create IPUIPlugin
2025-05-11 12:14:59,095 [INFO] PluginManager:220 - loadIPPluginJar : add dma3
2025-05-11 12:14:59,097 [INFO] IPUIPlugin:80 - create IPUIPlugin
2025-05-11 12:14:59,097 [INFO] PluginManager:220 - loadIPPluginJar : add extmemmanager
2025-05-11 12:14:59,098 [INFO] IPUIPlugin:80 - create IPUIPlugin
2025-05-11 12:14:59,098 [INFO] PluginManager:220 - loadIPPluginJar : add fatfs
2025-05-11 12:14:59,100 [INFO] IPUIPlugin:80 - create IPUIPlugin
2025-05-11 12:14:59,100 [INFO] PluginManager:220 - loadIPPluginJar : add fmc
2025-05-11 12:14:59,103 [INFO] IPUIPlugin:80 - create IPUIPlugin
2025-05-11 12:14:59,103 [INFO] PluginManager:220 - loadIPPluginJar : add freertos
2025-05-11 12:14:59,104 [INFO] IPUIPlugin:80 - create IPUIPlugin
2025-05-11 12:14:59,104 [INFO] PluginManager:220 - loadIPPluginJar : add genericplugin
2025-05-11 12:14:59,105 [INFO] IPUIPlugin:80 - create IPUIPlugin
2025-05-11 12:14:59,105 [INFO] PluginManager:220 - loadIPPluginJar : add gfxmmu
2025-05-11 12:14:59,108 [INFO] IPUIPlugin:80 - create IPUIPlugin
2025-05-11 12:14:59,108 [INFO] PluginManager:220 - loadIPPluginJar : add gic
2025-05-11 12:14:59,110 [INFO] IPUIPlugin:80 - create IPUIPlugin
2025-05-11 12:14:59,110 [INFO] PluginManager:220 - loadIPPluginJar : add gpio
2025-05-11 12:14:59,111 [INFO] IPUIPlugin:80 - create IPUIPlugin
2025-05-11 12:14:59,111 [INFO] PluginManager:220 - loadIPPluginJar : add gtzc
2025-05-11 12:14:59,112 [INFO] IPUIPlugin:80 - create IPUIPlugin
2025-05-11 12:14:59,113 [INFO] PluginManager:220 - loadIPPluginJar : add hash
2025-05-11 12:14:59,114 [INFO] IPUIPlugin:80 - create IPUIPlugin
2025-05-11 12:14:59,114 [INFO] PluginManager:220 - loadIPPluginJar : add i2c
2025-05-11 12:14:59,115 [INFO] IPUIPlugin:80 - create IPUIPlugin
2025-05-11 12:14:59,115 [INFO] PluginManager:220 - loadIPPluginJar : add i2s
2025-05-11 12:14:59,117 [INFO] IPUIPlugin:80 - create IPUIPlugin
2025-05-11 12:14:59,117 [INFO] PluginManager:220 - loadIPPluginJar : add i3c
2025-05-11 12:14:59,118 [INFO] IPUIPlugin:80 - create IPUIPlugin
2025-05-11 12:14:59,118 [INFO] PluginManager:220 - loadIPPluginJar : add ipddr
2025-05-11 12:14:59,122 [INFO] IPUIPlugin:80 - create IPUIPlugin
2025-05-11 12:14:59,122 [INFO] PluginManager:220 - loadIPPluginJar : add linkedlist
2025-05-11 12:14:59,124 [INFO] IPUIPlugin:80 - create IPUIPlugin
2025-05-11 12:14:59,124 [INFO] PluginManager:220 - loadIPPluginJar : add lorawan
2025-05-11 12:14:59,125 [INFO] IPUIPlugin:80 - create IPUIPlugin
2025-05-11 12:14:59,125 [INFO] PluginManager:220 - loadIPPluginJar : add ltdc
2025-05-11 12:14:59,128 [INFO] IPUIPlugin:80 - create IPUIPlugin
2025-05-11 12:14:59,128 [INFO] PluginManager:220 - loadIPPluginJar : add mdma
2025-05-11 12:14:59,129 [INFO] IPUIPlugin:80 - create IPUIPlugin
2025-05-11 12:14:59,129 [INFO] PluginManager:220 - loadIPPluginJar : add nvic
2025-05-11 12:14:59,131 [INFO] IPUIPlugin:80 - create IPUIPlugin
2025-05-11 12:14:59,131 [INFO] PluginManager:220 - loadIPPluginJar : add opamp
2025-05-11 12:14:59,132 [INFO] IPUIPlugin:80 - create IPUIPlugin
2025-05-11 12:14:59,132 [INFO] PluginManager:220 - loadIPPluginJar : add openamp
2025-05-11 12:14:59,134 [INFO] IPUIPlugin:80 - create IPUIPlugin
2025-05-11 12:14:59,134 [INFO] PluginManager:220 - loadIPPluginJar : add pdm2pcm
2025-05-11 12:14:59,137 [INFO] IPUIPlugin:80 - create IPUIPlugin
2025-05-11 12:14:59,139 [INFO] PluginManager:220 - loadIPPluginJar : add plateformsettings
2025-05-11 12:14:59,139 [INFO] IPUIPlugin:80 - create IPUIPlugin
2025-05-11 12:14:59,140 [INFO] PluginManager:220 - loadIPPluginJar : add quadspi
2025-05-11 12:14:59,140 [INFO] IPUIPlugin:80 - create IPUIPlugin
2025-05-11 12:14:59,141 [INFO] PluginManager:220 - loadIPPluginJar : add radio
2025-05-11 12:14:59,142 [INFO] IPUIPlugin:80 - create IPUIPlugin
2025-05-11 12:14:59,142 [INFO] PluginManager:220 - loadIPPluginJar : add resmgrutility
2025-05-11 12:14:59,144 [INFO] IPUIPlugin:80 - create IPUIPlugin
2025-05-11 12:14:59,144 [INFO] PluginManager:220 - loadIPPluginJar : add sai
2025-05-11 12:14:59,146 [INFO] IPUIPlugin:80 - create IPUIPlugin
2025-05-11 12:14:59,146 [INFO] PluginManager:220 - loadIPPluginJar : add spi
2025-05-11 12:14:59,149 [INFO] IPUIPlugin:80 - create IPUIPlugin
2025-05-11 12:14:59,149 [INFO] PluginManager:220 - loadIPPluginJar : add stm32_wpan
2025-05-11 12:14:59,150 [INFO] IPUIPlugin:80 - create IPUIPlugin
2025-05-11 12:14:59,150 [INFO] PluginManager:220 - loadIPPluginJar : add tim
2025-05-11 12:14:59,151 [INFO] IPUIPlugin:80 - create IPUIPlugin
2025-05-11 12:14:59,152 [INFO] PluginManager:220 - loadIPPluginJar : add touchsensing
2025-05-11 12:14:59,153 [INFO] IPUIPlugin:80 - create IPUIPlugin
2025-05-11 12:14:59,153 [INFO] PluginManager:220 - loadIPPluginJar : add tracer_emb
2025-05-11 12:14:59,153 [INFO] IPUIPlugin:80 - create IPUIPlugin
2025-05-11 12:14:59,154 [INFO] PluginManager:220 - loadIPPluginJar : add ts
2025-05-11 12:14:59,154 [INFO] IPUIPlugin:80 - create IPUIPlugin
2025-05-11 12:14:59,154 [INFO] PluginManager:220 - loadIPPluginJar : add tsc
2025-05-11 12:14:59,155 [INFO] IPUIPlugin:80 - create IPUIPlugin
2025-05-11 12:14:59,155 [INFO] PluginManager:220 - loadIPPluginJar : add ucpd
2025-05-11 12:14:59,157 [INFO] IPUIPlugin:80 - create IPUIPlugin
2025-05-11 12:14:59,157 [INFO] PluginManager:220 - loadIPPluginJar : add usart
2025-05-11 12:14:59,158 [INFO] IPUIPlugin:80 - create IPUIPlugin
2025-05-11 12:14:59,159 [INFO] PluginManager:220 - loadIPPluginJar : add usbx
2025-05-11 12:14:59,266 [FATAL] Updater:351 - Updater called before beeing initialized
2025-05-11 12:14:59,282 [INFO] RulesReader:64 - Compatibility file has been processed (297 Rules)
2025-05-11 12:14:59,290 [INFO] RulesReader:64 - Compatibility file has been processed (297 Rules)
2025-05-11 12:14:59,296 [INFO] CADModel:165 - CPN selected for project level
2025-05-11 12:14:59,296 [INFO] CADModel:114 - Register for checkConnection events
2025-05-11 12:14:59,296 [FATAL] Updater:351 - Updater called before beeing initialized
2025-05-11 12:14:59,296 [ERROR] CADModel:125 - Updater not yet initialized, retry later 
2025-05-11 12:14:59,389 [FATAL] Updater:351 - Updater called before beeing initialized
2025-05-11 12:14:59,390 [INFO] CADModel:165 - CPN selected for project level
2025-05-11 12:14:59,391 [INFO] CADModel:114 - Register for checkConnection events
2025-05-11 12:14:59,391 [FATAL] Updater:351 - Updater called before beeing initialized
2025-05-11 12:14:59,391 [ERROR] CADModel:125 - Updater not yet initialized, retry later 
2025-05-11 12:14:59,393 [FATAL] Updater:351 - Updater called before beeing initialized
2025-05-11 12:14:59,449 [FATAL] Updater:351 - Updater called before beeing initialized
2025-05-11 12:14:59,452 [INFO] DbMcusAds:53 - JSON generation date=Wed May 07 13:07:55 GST 2025 (1746608875513)
2025-05-11 12:14:59,452 [FATAL] Updater:351 - Updater called before beeing initialized
2025-05-11 12:14:59,474 [WARN] DetailPanel:346 - Failed to get advertising image, set to default
2025-05-11 12:14:59,642 [FATAL] Updater:351 - Updater called before beeing initialized
2025-05-11 12:14:59,643 [FATAL] Updater:351 - Updater called before beeing initialized
2025-05-11 12:14:59,643 [FATAL] Updater:351 - Updater called before beeing initialized
2025-05-11 12:14:59,643 [WARN] DetailPanel:346 - Failed to get advertising image, set to default
2025-05-11 12:14:59,644 [FATAL] Updater:351 - Updater called before beeing initialized
2025-05-11 12:14:59,673 [ERROR] Updater:1198 - MainUpdater not yet initialized. External WinMGr cannot be set.
2025-05-11 12:14:59,675 [INFO] Updater:1134 - Updater Version found : 6.13.0
2025-05-11 12:14:59,687 [INFO] ApplicationProperties:184 - Using Application install path: C:\ST\STM32CubeIDE_1.17.0\STM32CubeIDE\plugins\com.st.stm32cube.common.mx_6.13.0.202411220809
2025-05-11 12:15:01,256 [ERROR] LogOutputStream:75 - [STDERR_REDIRECT] May 11, 2025 12:15:01 PM java.util.prefs.WindowsPreferences <init>
2025-05-11 12:15:01,257 [ERROR] LogOutputStream:75 - [STDERR_REDIRECT] WARNING: Could not open/create prefs root node Software\JavaSoft\Prefs at root 0xffffffff80000002. Windows RegCreateKeyEx(...) returned error code 5.
2025-05-11 12:15:01,257 [ERROR] LogOutputStream:75 - [STDERR_REDIRECT] 
2025-05-11 12:15:01,302 [INFO] ThirdPartyUpdaterWithRetryManager:70 - Updater plugin not ready yet. [2/15]
2025-05-11 12:15:01,523 [INFO] MainUpdater:2872 - connection check result : 10
2025-05-11 12:15:01,524 [INFO] MainUpdater:289 - Updater Check For Update Now.
2025-05-11 12:15:01,524 [INFO] MicroXplorer:498 - Change Database Version : DB.6.0.130
2025-05-11 12:15:01,528 [INFO] McuFinderGlobals:63 - Set McuFinder mode to 2 (CubeIDE integrated)
2025-05-11 12:15:01,528 [INFO] UserAuth:486 - Internet connection configuration mode: 1
2025-05-11 12:15:01,539 [INFO] JxBrowserEngine:152 - Initiate JxBrowser Engine with user profile folder
2025-05-11 12:15:01,703 [INFO] CheckServerUpdateThread:120 - End of CheckServer Thread
2025-05-11 12:15:01,952 [INFO] WebApp:168 - Instantiating new browser for Auth
2025-05-11 12:15:02,332 [INFO] WebApp:449 - Apply proxy settings
2025-05-11 12:15:02,333 [INFO] WebApp:534 - Chromium requires no authentication
2025-05-11 12:15:02,337 [INFO] WebApp:477 - Direct internet connection detected
2025-05-11 12:15:02,355 [INFO] WebApp:880 - Register for checkConnection events
2025-05-11 12:15:02,355 [INFO] WebApp:449 - Apply proxy settings
2025-05-11 12:15:02,356 [INFO] WebApp:534 - Chromium requires no authentication
2025-05-11 12:15:02,356 [INFO] WebApp:477 - Direct internet connection detected
2025-05-11 12:15:02,452 [INFO] WebApp:221 - Starting web application
2025-05-11 12:15:02,452 [INFO] WebApp:579 - Web application path used C:\ST\STM32CubeIDE_1.17.0\STM32CubeIDE\plugins\com.st.stm32cube.common.mx_6.13.0.202411220809\db\plugins\mcufinder\reactClient1\index.html
2025-05-11 12:15:02,517 [INFO] UserAuth:486 - Internet connection configuration mode: 1
2025-05-11 12:15:02,750 [INFO] WebApp:187 - Connection restablished
2025-05-11 12:15:04,422 [WARN] PackLoader:240 - Cannot read IP mode file for STMicroelectronics.FP-SNS-MOTENVWB1.1.4.0
2025-05-11 12:15:04,429 [WARN] PackLoader:240 - Cannot read IP mode file for STMicroelectronics.FP-ATR-ASTRA1.2.0.2
2025-05-11 12:15:04,432 [WARN] PackLoader:240 - Cannot read IP mode file for STMicroelectronics.FP-ATR-ASTRA1.2.0.1
2025-05-11 12:15:04,438 [WARN] PackLoader:240 - Cannot read IP mode file for STMicroelectronics.X-CUBE-SMBUS.2.1.0
2025-05-11 12:15:04,445 [WARN] PackLoader:240 - Cannot read IP mode file for STMicroelectronics.X-CUBE-WB05N.1.1.0
2025-05-11 12:15:04,468 [WARN] PackLoader:240 - Cannot read IP mode file for STMicroelectronics.X-CUBE-AZRTOS-F7.1.1.0
2025-05-11 12:15:04,476 [WARN] PackLoader:240 - Cannot read IP mode file for STMicroelectronics.FP-SNS-FLIGHT1.5.0.2
2025-05-11 12:15:04,498 [WARN] PackLoader:240 - Cannot read IP mode file for Infineon.AIROC-Wi-Fi-Bluetooth-STM32.1.7.0
2025-05-11 12:15:04,512 [WARN] PackLoader:240 - Cannot read IP mode file for STMicroelectronics.X-CUBE-DISPLAY.3.0.0
2025-05-11 12:15:04,523 [WARN] PackLoader:240 - Cannot read IP mode file for STMicroelectronics.X-CUBE-BLE1.7.0.0
2025-05-11 12:15:04,529 [WARN] PackLoader:240 - Cannot read IP mode file for STMicroelectronics.X-CUBE-NFC10.1.0.0
2025-05-11 12:15:04,539 [WARN] PackLoader:240 - Cannot read IP mode file for STMicroelectronics.X-CUBE-BLEMGR.4.0.0
2025-05-11 12:15:04,547 [WARN] PackLoader:240 - Cannot read IP mode file for emotas.I-CUBE-CANOPEN.1.3.0
2025-05-11 12:15:04,552 [WARN] PackLoader:240 - Cannot read IP mode file for STMicroelectronics.X-CUBE-AI.10.0.0
2025-05-11 12:15:04,557 [WARN] PackLoader:240 - Cannot read IP mode file for STMicroelectronics.FP-SNS-SMARTAG2.1.2.0
2025-05-11 12:15:04,560 [WARN] PackLoader:240 - Cannot read IP mode file for STMicroelectronics.FP-SNS-FLIGHT1.5.1.0
2025-05-11 12:15:04,614 [WARN] PackLoader:240 - Cannot read IP mode file for STMicroelectronics.X-CUBE-MEMS1.11.1.0
2025-05-11 12:15:04,719 [INFO] LogOutputStream:77 - [STDOUT_REDIRECT] 1 : Invalid condition id : UX_CORESTACK_Condition cause : null
2025-05-11 12:15:04,720 [INFO] LogOutputStream:77 - [STDOUT_REDIRECT] 1 : Invalid condition id : UX_CORESTACK_Condition cause : null
2025-05-11 12:15:04,721 [INFO] LogOutputStream:77 - [STDOUT_REDIRECT] 1 : Invalid condition id : UX_CORESTACK_Condition cause : null
2025-05-11 12:15:04,722 [INFO] LogOutputStream:77 - [STDOUT_REDIRECT] 1 : Invalid condition id : UX_CORESTACK_Condition cause : null
2025-05-11 12:15:04,722 [INFO] LogOutputStream:77 - [STDOUT_REDIRECT] 1 : Invalid condition id : UX_CORESTACK_Condition cause : null
2025-05-11 12:15:04,725 [WARN] PackLoader:240 - Cannot read IP mode file for STMicroelectronics.X-CUBE-AZRTOS-WL.2.0.0
2025-05-11 12:15:04,731 [WARN] PackLoader:240 - Cannot read IP mode file for STMicroelectronics.FP-SNS-MOTENV1.5.0.0
2025-05-11 12:15:04,735 [WARN] PackLoader:240 - Cannot read IP mode file for wolfSSL.I-CUBE-wolfMQTT.1.19.0
2025-05-11 12:15:04,740 [WARN] PackLoader:240 - Cannot read IP mode file for WES.I-CUBE-Cesium.1.3.0
2025-05-11 12:15:04,743 [WARN] PackLoader:240 - Cannot read IP mode file for STMicroelectronics.X-CUBE-BLE2.3.3.0
2025-05-11 12:15:04,748 [WARN] PackLoader:240 - Cannot read IP mode file for STMicroelectronics.X-CUBE-NFC9.1.0.0
2025-05-11 12:15:04,752 [WARN] PackLoader:240 - Cannot read IP mode file for STMicroelectronics.X-CUBE-BLE1.7.1.0
2025-05-11 12:15:04,793 [WARN] PackLoader:240 - Cannot read IP mode file for STMicroelectronics.X-CUBE-MEMS1.11.2.0
2025-05-11 12:15:04,889 [WARN] PackLoader:240 - Cannot read IP mode file for STMicroelectronics.X-CUBE-AZRTOS-G0.1.1.0
2025-05-11 12:15:04,896 [WARN] PackLoader:240 - Cannot read IP mode file for STMicroelectronics.X-CUBE-SAFEA1.1.2.2
2025-05-11 12:15:04,902 [WARN] PackLoader:240 - Cannot read IP mode file for STMicroelectronics.X-CUBE-NFC4.3.0.0
2025-05-11 12:15:04,909 [WARN] PackLoader:240 - Cannot read IP mode file for EmbeddedOffice.I-CUBE-FS-RTOS.1.0.1
2025-05-11 12:15:04,914 [WARN] PackLoader:240 - Cannot read IP mode file for STMicroelectronics.X-CUBE-WB05N.2.0.0
2025-05-11 12:15:04,919 [WARN] PackLoader:240 - Cannot read IP mode file for STMicroelectronics.X-CUBE-TCPP.4.2.0
2025-05-11 12:15:04,924 [WARN] PackLoader:240 - Cannot read IP mode file for RealThread.X-CUBE-RT-Thread_Nano.4.1.1
2025-05-11 12:15:04,929 [WARN] PackLoader:240 - Cannot read IP mode file for STMicroelectronics.FP-ATR-SIGFOX1.3.2.0
2025-05-11 12:15:04,932 [WARN] ConditionMgr:438 - getConditionDescription Invalid condition id : Cortex-A Device cause : null
2025-05-11 12:15:04,946 [WARN] ConditionMgr:1044 - genDependencies : Invalid condition id : Cortex-A Device cause : null
2025-05-11 12:15:04,946 [WARN] ConditionMgr:1044 - genDependencies : Invalid condition id : Cortex-A Device cause : null
2025-05-11 12:15:04,946 [WARN] ConditionMgr:1044 - genDependencies : Invalid condition id : Cortex-A Device cause : null
2025-05-11 12:15:04,952 [WARN] PackLoader:240 - Cannot read IP mode file for STMicroelectronics.X-CUBE-EEPRMA1.5.1.0
2025-05-11 12:15:04,962 [WARN] PackLoader:240 - Cannot read IP mode file for wolfSSL.I-CUBE-wolfSSL.5.7.4
2025-05-11 12:15:04,971 [WARN] PackLoader:240 - Cannot read IP mode file for ITTIA_DB.I-CUBE-ITTIADB.8.9.0
2025-05-11 12:15:04,992 [WARN] PackLoader:240 - Cannot read IP mode file for SEGGER.I-CUBE-embOS.1.3.1
2025-05-11 12:15:05,018 [WARN] PackLoader:240 - Cannot read IP mode file for STMicroelectronics.X-CUBE-ALGOBUILD.1.4.0
2025-05-11 12:15:05,022 [WARN] PackLoader:240 - Cannot read IP mode file for STMicroelectronics.X-CUBE-AI.9.1.0
2025-05-11 12:15:05,034 [WARN] PackLoader:240 - Cannot read IP mode file for STMicroelectronics.X-CUBE-AZRTOS-F4.1.1.0
2025-05-11 12:15:05,039 [WARN] PackLoader:240 - Cannot read IP mode file for Avnet-IotConnect.X-CUBE-IoTC-DA16k-PMOD.1.0.0
2025-05-11 12:15:05,042 [WARN] PackLoader:240 - Cannot read IP mode file for STMicroelectronics.X-CUBE-ISPU.2.1.0
2025-05-11 12:15:05,054 [WARN] PackLoader:240 - Cannot read IP mode file for STMicroelectronics.X-CUBE-AZRTOS-L5.2.0.0
2025-05-11 12:15:05,062 [WARN] PackLoader:240 - Cannot read IP mode file for STMicroelectronics.X-CUBE-NFC6.3.1.0
2025-05-11 12:15:05,067 [WARN] PackLoader:240 - Cannot read IP mode file for STMicroelectronics.X-CUBE-DPower.1.2.0
2025-05-11 12:15:05,072 [WARN] PackLoader:240 - Cannot read IP mode file for STMicroelectronics.X-CUBE-FREERTOS.1.3.1
2025-05-11 12:15:05,076 [WARN] PackLoader:240 - Cannot read IP mode file for STMicroelectronics.X-CUBE-FREERTOS.1.3.0
2025-05-11 12:15:05,080 [WARN] PackLoader:240 - Cannot read IP mode file for STMicroelectronics.X-CUBE-NFC7.1.0.1
2025-05-11 12:15:05,083 [WARN] PackLoader:240 - Cannot read IP mode file for STMicroelectronics.X-CUBE-DPower.1.3.0
2025-05-11 12:15:05,094 [WARN] ConditionMgr:438 - getConditionDescription Invalid condition id : LAN8742 Phy interface Condition cause : null
2025-05-11 12:15:05,095 [WARN] PackLoader:240 - Cannot read IP mode file for STMicroelectronics.X-CUBE-AZRTOS-L4.2.0.0
2025-05-11 12:15:05,096 [WARN] ConditionMgr:1044 - genDependencies : Invalid condition id : LAN8742 Phy interface Condition cause : null
2025-05-11 12:15:05,096 [WARN] ConditionMgr:1044 - genDependencies : Invalid condition id : LAN8742 Phy interface Condition cause : null
2025-05-11 12:15:05,097 [WARN] ConditionMgr:1044 - genDependencies : Invalid condition id : LAN8742 Phy interface Condition cause : null
2025-05-11 12:15:05,102 [WARN] PackLoader:240 - Cannot read IP mode file for STMicroelectronics.X-CUBE-SFXS2LP1.4.0.0
2025-05-11 12:15:05,117 [WARN] PackLoader:240 - Cannot read IP mode file for STMicroelectronics.X-CUBE-AZRTOS-H7.3.3.0
2025-05-11 12:15:05,127 [WARN] PackLoader:240 - Cannot read IP mode file for STMicroelectronics.X-CUBE-IPS.3.0.0
2025-05-11 12:15:05,138 [WARN] ConditionMgr:438 - getConditionDescription Invalid condition id : UX DEVICE CLASS RTOS Condition cause : null
2025-05-11 12:15:05,138 [WARN] ConditionMgr:438 - getConditionDescription Invalid condition id : UX DEVICE CLASS RTOS Condition cause : null
2025-05-11 12:15:05,140 [WARN] PackLoader:240 - Cannot read IP mode file for STMicroelectronics.X-CUBE-AZRTOS-WB.2.0.0
2025-05-11 12:15:05,140 [WARN] ConditionMgr:1044 - genDependencies : Invalid condition id : UX DEVICE CLASS RTOS Condition cause : null
2025-05-11 12:15:05,140 [WARN] ConditionMgr:1044 - genDependencies : Invalid condition id : UX DEVICE CLASS RTOS Condition cause : null
2025-05-11 12:15:05,141 [WARN] ConditionMgr:1044 - genDependencies : Invalid condition id : UX DEVICE CLASS RTOS Condition cause : null
2025-05-11 12:15:05,141 [WARN] ConditionMgr:1044 - genDependencies : Invalid condition id : UX DEVICE CLASS RTOS Condition cause : null
2025-05-11 12:15:05,141 [WARN] ConditionMgr:1044 - genDependencies : Invalid condition id : UX DEVICE CLASS RTOS Condition cause : null
2025-05-11 12:15:05,145 [WARN] PackLoader:240 - Cannot read IP mode file for STMicroelectronics.X-CUBE-GNSS1.7.0.1
2025-05-11 12:15:05,148 [WARN] PackLoader:240 - Cannot read IP mode file for STMicroelectronics.X-CUBE-TOUCHGFX.4.25.0
2025-05-11 12:15:05,153 [WARN] PackLoader:240 - Cannot read IP mode file for STMicroelectronics.FP-SNS-STBOX1.2.0.0
2025-05-11 12:15:05,160 [WARN] PackLoader:240 - Cannot read IP mode file for STMicroelectronics.X-CUBE-SUBG2.5.0.0
2025-05-11 12:15:05,175 [WARN] PackLoader:240 - Cannot read IP mode file for STMicroelectronics.X-CUBE-AZRTOS-H7RS.1.1.0
2025-05-11 12:15:05,181 [WARN] PackLoader:240 - Cannot read IP mode file for Cesanta.I-CUBE-Mongoose.7.13.0
2025-05-11 12:15:05,192 [WARN] PackLoader:240 - Cannot read IP mode file for STMicroelectronics.X-CUBE-AZRTOS-G4.2.0.0
2025-05-11 12:15:05,196 [WARN] PackLoader:240 - Cannot read IP mode file for STMicroelectronics.X-CUBE-NFC7.2.0.0
2025-05-11 12:15:05,203 [WARN] PackLoader:240 - Cannot read IP mode file for STMicroelectronics.X-CUBE-IPS.3.1.0
2025-05-11 12:15:05,209 [WARN] PackLoader:240 - Cannot read IP mode file for STMicroelectronics.X-CUBE-ALS.1.0.2
2025-05-11 12:15:05,211 [WARN] PackLoader:240 - Cannot read IP mode file for STMicroelectronics.X-CUBE-TOUCHGFX.4.24.2
2025-05-11 12:15:05,213 [WARN] PackLoader:240 - Cannot read IP mode file for STMicroelectronics.X-CUBE-TOUCHGFX.4.24.1
2025-05-11 12:15:05,215 [WARN] PackLoader:240 - Cannot read IP mode file for wolfSSL.I-CUBE-wolfTPM.3.4.0
2025-05-11 12:15:05,222 [WARN] PackLoader:240 - Cannot read IP mode file for portGmbH.I-Cube-SoM-uGOAL.1.1.0
2025-05-11 12:15:05,233 [WARN] PackLoader:240 - Cannot read IP mode file for STMicroelectronics.X-CUBE-AZRTOS-H7RS.1.0.0
2025-05-11 12:15:05,241 [WARN] PackLoader:240 - Cannot read IP mode file for STMicroelectronics.X-CUBE-TOF1.3.4.2
2025-05-11 12:15:05,253 [WARN] PackLoader:240 - Cannot read IP mode file for STMicroelectronics.X-CUBE-TOF1.3.4.3
2025-05-11 12:15:05,263 [WARN] PackLoader:240 - Cannot read IP mode file for wolfSSL.I-CUBE-wolfSSH.1.4.17
2025-05-11 12:15:05,264 [INFO] ThirdParty:978 - Integrity check success = true
2025-05-11 12:15:05,264 [INFO] IntegrityCheckThread:100 - exiting critical section [integrity check]
2025-05-11 12:15:05,264 [INFO] IntegrityCheckThread:103 - End integrity checks thread
